python script.py 
/home/ekamax/projects/TonikX-ITMO_ICT_WebDevelopment_2025-2026/students/k3339/Mischenko_Maxim/Lr3/HWBoard/.venv/lib/python3.12/site-packages/django/db/models/fields/__init__.py:1416: RuntimeWarning: DateTimeField CarOwner.birth_date received a naive datetime (1990-05-12 00:00:00) while time zone support is active.
  warnings.warn("DateTimeField %s received a naive datetime (%s)"
/home/ekamax/projects/TonikX-ITMO_ICT_WebDevelopment_2025-2026/students/k3339/Mischenko_Maxim/Lr3/HWBoard/.venv/lib/python3.12/site-packages/django/db/models/fields/__init__.py:1416: RuntimeWarning: DateTimeField CarOwner.birth_date received a naive datetime (1988-03-21 00:00:00) while time zone support is active.
  warnings.warn("DateTimeField %s received a naive datetime (%s)"
/home/ekamax/projects/TonikX-ITMO_ICT_WebDevelopment_2025-2026/students/k3339/Mischenko_Maxim/Lr3/HWBoard/.venv/lib/python3.12/site-packages/django/db/models/fields/__init__.py:1416: RuntimeWarning: DateTimeField CarOwner.birth_date received a naive datetime (1995-07-30 00:00:00) while time zone support is active.
  warnings.warn("DateTimeField %s received a naive datetime (%s)"
/home/ekamax/projects/TonikX-ITMO_ICT_WebDevelopment_2025-2026/students/k3339/Mischenko_Maxim/Lr3/HWBoard/.venv/lib/python3.12/site-packages/django/db/models/fields/__init__.py:1416: RuntimeWarning: DateTimeField CarOwner.birth_date received a naive datetime (1979-02-14 00:00:00) while time zone support is active.
  warnings.warn("DateTimeField %s received a naive datetime (%s)"
/home/ekamax/projects/TonikX-ITMO_ICT_WebDevelopment_2025-2026/students/k3339/Mischenko_Maxim/Lr3/HWBoard/.venv/lib/python3.12/site-packages/django/db/models/fields/__init__.py:1416: RuntimeWarning: DateTimeField CarOwner.birth_date received a naive datetime (1992-11-09 00:00:00) while time zone support is active.
  warnings.warn("DateTimeField %s received a naive datetime (%s)"
/home/ekamax/projects/TonikX-ITMO_ICT_WebDevelopment_2025-2026/students/k3339/Mischenko_Maxim/Lr3/HWBoard/.venv/lib/python3.12/site-packages/django/db/models/fields/__init__.py:1416: RuntimeWarning: DateTimeField CarOwner.birth_date received a naive datetime (1985-01-04 00:00:00) while time zone support is active.
  warnings.warn("DateTimeField %s received a naive datetime (%s)"
/home/ekamax/projects/TonikX-ITMO_ICT_WebDevelopment_2025-2026/students/k3339/Mischenko_Maxim/Lr3/HWBoard/.venv/lib/python3.12/site-packages/django/db/models/fields/__init__.py:1416: RuntimeWarning: DateTimeField CarOwner.birth_date received a naive datetime (1998-06-17 00:00:00) while time zone support is active.
  warnings.warn("DateTimeField %s received a naive datetime (%s)"
/home/ekamax/projects/TonikX-ITMO_ICT_WebDevelopment_2025-2026/students/k3339/Mischenko_Maxim/Lr3/HWBoard/.venv/lib/python3.12/site-packages/django/db/models/fields/__init__.py:1416: RuntimeWarning: DateTimeField DrivingLicense.issue_date received a naive datetime (2020-01-01 00:00:00) while time zone support is active.
  warnings.warn("DateTimeField %s received a naive datetime (%s)"
/home/ekamax/projects/TonikX-ITMO_ICT_WebDevelopment_2025-2026/students/k3339/Mischenko_Maxim/Lr3/HWBoard/.venv/lib/python3.12/site-packages/django/db/models/fields/__init__.py:1416: RuntimeWarning: DateTimeField Ownership.start_date received a naive datetime (2023-01-01 00:00:00) while time zone support is active.
  warnings.warn("DateTimeField %s received a naive datetime (%s)"



1 Ivanov Petr 1990-05-12 00:00:00+00:00
2 Petrov Ilya 1988-03-21 00:00:00+00:00
3 Sidorov Andrey 1995-07-30 00:00:00+00:00
4 Kuznetsov Oleg 1979-02-14 00:00:00+00:00
5 Smirnov Maxim 1992-11-09 00:00:00+00:00
6 Volkov Dmitry 1985-01-04 00:00:00+00:00
7 Frolov Egor 1998-06-17 00:00:00+00:00



1 A111AA99 Toyota Camry Black
2 B222BB77 BMW X5 White
3 C333CC78 Audi A6 Blue
4 D444DD47 Mercedes C200 Grey
5 E555EE98 Kia Rio Red
6 F666FF10 Honda Civic Green



1 Ivanov 1234567890 B 2020-01-01 00:00:00+00:00
2 Petrov 2234567890 B 2020-01-01 00:00:00+00:00
3 Sidorov 3234567890 B 2020-01-01 00:00:00+00:00
4 Kuznetsov 4234567890 B 2020-01-01 00:00:00+00:00
5 Smirnov 5234567890 B 2020-01-01 00:00:00+00:00
6 Volkov 6234567890 B 2020-01-01 00:00:00+00:00
7 Frolov 7234567890 B 2020-01-01 00:00:00+00:00



1 Ivanov A111AA99 2023-01-01 00:00:00+00:00 None
2 Petrov B222BB77 2023-01-01 00:00:00+00:00 None
3 Petrov C333CC78 2023-01-01 00:00:00+00:00 None
4 Sidorov D444DD47 2023-01-01 00:00:00+00:00 None
5 Kuznetsov E555EE98 2023-01-01 00:00:00+00:00 None
6 Smirnov F666FF10 2023-01-01 00:00:00+00:00 None
7 Volkov A111AA99 2023-01-01 00:00:00+00:00 None
8 Volkov B222BB77 2023-01-01 00:00:00+00:00 None
9 Volkov C333CC78 2023-01-01 00:00:00+00:00 None
10 Frolov D444DD47 2023-01-01 00:00:00+00:00 None
